2025-07-13 01:59:38,545 - crime_scraper - INFO - Successfully loaded spaCy model: en_core_web_sm
2025-07-13 01:59:38,643 - crime_scraper - INFO - Successfully processed article: Bank Robbery in Downtown
2025-07-13 01:59:38,759 - crime_scraper - INFO - Fetching URL: https://httpbin.org/html (Attempt 1)
2025-07-13 01:59:55,104 - crime_scraper - INFO - Successfully loaded spaCy model: en_core_web_sm
2025-07-13 01:59:55,113 - crime_scraper - INFO - Crime Data Scraper initialized
2025-07-13 01:59:55,114 - crime_scraper - INFO - Testing scraper configuration
2025-07-13 01:59:55,138 - crime_scraper - INFO - Fetching URL: https://httpbin.org/html (Attempt 1)
2025-07-13 01:59:56,411 - crime_scraper - INFO - Configuration test complete. 1/1 websites accessible
2025-07-13 02:00:14,382 - crime_scraper - INFO - Successfully loaded spaCy model: en_core_web_sm
2025-07-13 02:00:14,391 - crime_scraper - INFO - Crime Data Scraper initialized
2025-07-13 02:00:14,391 - crime_scraper - INFO - Starting full scrape process
2025-07-13 02:00:14,392 - crime_scraper - INFO - Scraping articles from all configured websites
2025-07-13 02:00:14,392 - crime_scraper - INFO - Scraping website: Test Website
2025-07-13 02:00:14,392 - crime_scraper - INFO - Fetching URL: https://httpbin.org/html (Attempt 1)
2025-07-13 02:00:15,703 - crime_scraper - INFO - Total articles scraped: 0
2025-07-13 02:00:15,704 - crime_scraper - WARNING - No articles found
2025-07-13 02:04:12,487 - crime_scraper - INFO - Successfully loaded spaCy model: en_core_web_sm
2025-07-13 02:04:12,642 - crime_scraper - INFO - Successfully processed article: Bank Robbery Leaves One Injured
2025-07-13 02:04:27,676 - crime_scraper - INFO - Successfully loaded spaCy model: en_core_web_sm
2025-07-13 02:04:27,774 - crime_scraper - INFO - Successfully processed article: Bank Robbery in Downtown
2025-07-13 02:04:27,870 - crime_scraper - INFO - Fetching URL: https://httpbin.org/html (Attempt 1)
